<?xml version="1.0" encoding="UTF-8"?>
<!-- Generated by org.testng.reporters.JUnitXMLReporter -->
<testsuite hostname="DESKTOP-N60QB27" ignored="0" name="Grid Setup Test" tests="2" failures="2" timestamp="2022-11-30T17:11:17 IST" time="5.444" errors="0">
  <testcase name="browserTest" time="5.331" classname="TestGrid.Grid">
    <failure type="org.openqa.selenium.SessionNotCreatedException" message="Could not start a new session. Possible causes are invalid address of the remote server or browser start-up failure. 
Host info: host: &amp;apos;DESKTOP-N60QB27&amp;apos;, ip: &amp;apos;192.168.1.107&amp;apos;
Build info: version: &amp;apos;4.5.0&amp;apos;, revision: &amp;apos;fe167b119a&amp;apos;
System info: os.name: &amp;apos;Windows 10&amp;apos;, os.arch: &amp;apos;amd64&amp;apos;, os.version: &amp;apos;10.0&amp;apos;, java.version: &amp;apos;1.8.0_202&amp;apos;
Driver info: org.openqa.selenium.remote.RemoteWebDriver
Command: [null, newSession {capabilities=[Capabilities {acceptSslCerts: true, browserName: chrome, goog:chromeOptions: {args: [], extensions: []}, platformName: WINDOWS, unexpectedAlertBehaviour: accept, unhandledPromptBehavior: accept}], desiredCapabilities=Capabilities {acceptSslCerts: true, browserName: chrome, goog:chromeOptions: {args: [], extensions: []}, platformName: WINDOWS, unexpectedAlertBehaviour: accept, unhandledPromptBehavior: accept}}]
Capabilities {}">
      <![CDATA[org.openqa.selenium.SessionNotCreatedException: Could not start a new session. Possible causes are invalid address of the remote server or browser start-up failure. 
Host info: host: 'DESKTOP-N60QB27', ip: '192.168.1.107'
Build info: version: '4.5.0', revision: 'fe167b119a'
System info: os.name: 'Windows 10', os.arch: 'amd64', os.version: '10.0', java.version: '1.8.0_202'
Driver info: org.openqa.selenium.remote.RemoteWebDriver
Command: [null, newSession {capabilities=[Capabilities {acceptSslCerts: true, browserName: chrome, goog:chromeOptions: {args: [], extensions: []}, platformName: WINDOWS, unexpectedAlertBehaviour: accept, unhandledPromptBehavior: accept}], desiredCapabilities=Capabilities {acceptSslCerts: true, browserName: chrome, goog:chromeOptions: {args: [], extensions: []}, platformName: WINDOWS, unexpectedAlertBehaviour: accept, unhandledPromptBehavior: accept}}]
Capabilities {}
at org.openqa.selenium.remote.RemoteWebDriver.execute(RemoteWebDriver.java:565)
at org.openqa.selenium.remote.RemoteWebDriver.startSession(RemoteWebDriver.java:242)
at org.openqa.selenium.remote.RemoteWebDriver.<init>(RemoteWebDriver.java:157)
at org.openqa.selenium.remote.RemoteWebDriver.<init>(RemoteWebDriver.java:139)
at TestGrid.Grid.browserTest(Grid.java:49)
at java.util.ArrayList.forEach(ArrayList.java:1257)
Caused by: java.lang.NoSuchMethodError: com.google.common.collect.ImmutableMap.of(Ljava/lang/Object;Ljava/lang/Object;Ljava/lang/Object;Ljava/lang/Object;Ljava/lang/Object;Ljava/lang/Object;Ljava/lang/Object;Ljava/lang/Object;Ljava/lang/Object;Ljava/lang/Object;Ljava/lang/Object;Ljava/lang/Object;)Lcom/google/common/collect/ImmutableMap;
at org.openqa.selenium.chrome.AddHasCasting.getAdditionalCommands(AddHasCasting.java:38)
at org.openqa.selenium.remote.Dialect.lambda$bindAdditionalCommands$1(Dialect.java:80)
at java.lang.Iterable.forEach(Iterable.java:75)
at org.openqa.selenium.remote.Dialect.bindAdditionalCommands(Dialect.java:79)
at org.openqa.selenium.remote.Dialect.access$100(Dialect.java:29)
at org.openqa.selenium.remote.Dialect$2.getCommandCodec(Dialect.java:54)
at org.openqa.selenium.remote.HttpCommandExecutor.execute(HttpCommandExecutor.java:158)
at org.openqa.selenium.remote.TracedCommandExecutor.execute(TracedCommandExecutor.java:51)
at org.openqa.selenium.remote.RemoteWebDriver.execute(RemoteWebDriver.java:547)
... 32 more
... Removed 27 stack frames]]>
    </failure>
  </testcase> <!-- browserTest -->
  <testcase name="browserTest" time="5.404" classname="TestGrid.Grid">
    <failure type="java.lang.NullPointerException">
      <![CDATA[java.lang.NullPointerException
at extentlisteners.ExtentManager.captureScreenshot(ExtentManager.java:59)
at extentlisteners.ExtentListeners.onTestFailure(ExtentListeners.java:59)
at java.util.ArrayList.forEach(ArrayList.java:1257)
... Removed 24 stack frames]]>
    </failure>
  </testcase> <!-- browserTest -->
</testsuite> <!-- Grid Setup Test -->
