<?xml version="1.0" encoding="UTF-8"?>
<!-- Generated by org.testng.reporters.JUnitXMLReporter -->
<testsuite hostname="DESKTOP-N60QB27" ignored="0" name="Validate Title Test" tests="1" failures="1" timestamp="2022-11-29T23:16:52 IST" time="0.11" errors="0">
  <testcase name="validateTitle" time="0.026" classname="testngLearning.TestCase2">
    <failure type="java.lang.AssertionError" message="The following asserts failed:
	expected [Gmail.com] but found [Google.com],
	Button is not present did not expect to find [true] but found [false],
	Condition not met hence failing the test">
      <![CDATA[java.lang.AssertionError: The following asserts failed:
expected [Gmail.com] but found [Google.com],
Button is not present did not expect to find [true] but found [false],
Condition not met hence failing the test
at testngLearning.TestCase2.validateTitle(TestCase2.java:26)
at java.util.ArrayList.forEach(ArrayList.java:1257)
... Removed 29 stack frames]]>
    </failure>
  </testcase> <!-- validateTitle -->
</testsuite> <!-- Validate Title Test -->
