<!DOCTYPE html PUBLIC "-//W3C//DTD XHTML 1.1//EN" "http://www.w3.org/TR/xhtml11/DTD/xhtml11.dtd">
<html xmlns="http://www.w3.org/1999/xhtml">
<head>
<meta http-equiv="content-type" content="text/html; charset=UTF-8"/>
<title>TestNG Report</title>
<style type="text/css">table {margin-bottom:10px;border-collapse:collapse;empty-cells:show}th,td {border:1px solid #009;padding:.25em .5em}th {vertical-align:bottom}td {vertical-align:top}table a {font-weight:bold}.stripe td {background-color: #E6EBF9}.num {text-align:right}.passedodd td {background-color: #3F3}.passedeven td {background-color: #0A0}.skippedodd td {background-color: #DDD}.skippedeven td {background-color: #CCC}.failedodd td,.attn {background-color: #F33}.failedeven td,.stripe .attn {background-color: #D00}.stacktrace {white-space:pre;font-family:monospace}.totop {font-size:85%;text-align:center;border-bottom:2px solid #000}.invisible {display:none}</style>
</head>
<body>
<table>
<tr><th>Test</th><th># Passed</th><th># Skipped</th><th># Retried</th><th># Failed</th><th>Time (ms)</th><th>Included Groups</th><th>Excluded Groups</th></tr>
<tr><th colspan="7">Basic Test Suite</th></tr>
<tr><td><a href="#t0">Validate Title Test</a></td><td class="num">0</td><td class="num">0</td><td class="num">0</td><td class="num attn">1</td><td class="num">110</td><td></td><td></td></tr>
<tr class="stripe"><td><a href="#t1">Dependency Test</a></td><td class="num">2</td><td class="num">0</td><td class="num">0</td><td class="num">0</td><td class="num">18</td><td></td><td></td></tr>
<tr><td><a href="#t2">Basic Test</a></td><td class="num">2</td><td class="num attn">1</td><td class="num">0</td><td class="num">0</td><td class="num">14</td><td></td><td></td></tr>
<tr><th>Total</th><th class="num">4</th><th class="num attn">1</th><th class="num">0</th><th class="num attn">1</th><th class="num">142</th><th colspan="2"></th></tr>
</table>
<table id='summary'><thead><tr><th>Class</th><th>Method</th><th>Start</th><th>Time (ms)</th></tr></thead><tbody><tr><th colspan="4">Basic Test Suite</th></tr></tbody><tbody id="t0"><tr><th colspan="4">Validate Title Test &#8212; failed</th></tr><tr class="failedeven"><td rowspan="1">testngLearning.TestCase2</td><td><a href="#m0">validateTitle</a></td><td rowspan="1">1669744012474</td><td rowspan="1">26</td></tr></tbody>
<tbody id="t1"><tr><th colspan="4">Dependency Test &#8212; passed</th></tr><tr class="passedeven"><td rowspan="2">testngLearning.TestCase1</td><td><a href="#m1">doLogin</a></td><td rowspan="1">1669744012578</td><td rowspan="1">2</td></tr><tr class="passedeven"><td><a href="#m2">doUserReg</a></td><td rowspan="1">1669744012571</td><td rowspan="1">3</td></tr></tbody>
<tbody id="t2"><tr><th colspan="4">Basic Test &#8212; skipped</th></tr><tr class="skippedeven"><td rowspan="1">testngLearning.TestCase3</td><td><a href="#m3">isSkip</a></td><td rowspan="1">1669744012609</td><td rowspan="1">1</td></tr><tr><th colspan="4">Basic Test &#8212; passed</th></tr><tr class="passedeven"><td rowspan="2">testngLearning.TestCase3</td><td><a href="#m4">doLogin</a></td><td rowspan="1">1669744012607</td><td rowspan="1">1</td></tr><tr class="passedeven"><td><a href="#m5">doRegistration</a></td><td rowspan="1">1669744012601</td><td rowspan="1">2</td></tr></tbody>
</table>
<h2>Validate Title Test</h2><h3 id="m0">testngLearning.TestCase2#validateTitle</h3><table class="result"><tr><th>Messages</th></tr><tr><td><div class="messages"><a href="C:\Users\valmiki\Desktop\Books.png" target="_blank">Screenshot</a></div></td></tr><tr><th>Exception</th></tr><tr><td><div class="stacktrace">java.lang.AssertionError: The following asserts failed:
	expected [Gmail.com] but found [Google.com],
	Button is not present did not expect to find [true] but found [false],
	Condition not met hence failing the test
	at testngLearning.TestCase2.validateTitle(TestCase2.java:26)
	at java.util.ArrayList.forEach(ArrayList.java:1257)
... Removed 29 stack frames</div></td></tr></table><p class="totop"><a href="#summary">back to summary</a></p>
<h2>Dependency Test</h2><h3 id="m1">testngLearning.TestCase1#doLogin</h3><table class="result"><tr><th class="invisible"/></tr></table><p class="totop"><a href="#summary">back to summary</a></p>
<h3 id="m2">testngLearning.TestCase1#doUserReg</h3><table class="result"><tr><th class="invisible"/></tr></table><p class="totop"><a href="#summary">back to summary</a></p>
<h2>Basic Test</h2><h3 id="m3">testngLearning.TestCase3#isSkip</h3><table class="result"><tr><th>Messages</th></tr><tr><td><div class="messages">Inside isSkip test<br/><a href="C:\Users\valmiki\Desktop\Books.png" target="_blank">Screenshot</a></div></td></tr><tr><th>Exception</th></tr><tr><td><div class="stacktrace">org.testng.SkipException: Skipping the test as the data is not set
	at testngLearning.TestCase3.isSkip(TestCase3.java:32)
	at java.util.ArrayList.forEach(ArrayList.java:1257)
... Removed 27 stack frames</div></td></tr></table><p class="totop"><a href="#summary">back to summary</a></p>
<h3 id="m4">testngLearning.TestCase3#doLogin</h3><table class="result"><tr><th>Messages</th></tr><tr><td><div class="messages">Inside doLogin test</div></td></tr></table><p class="totop"><a href="#summary">back to summary</a></p>
<h3 id="m5">testngLearning.TestCase3#doRegistration</h3><table class="result"><tr><th>Messages</th></tr><tr><td><div class="messages">Inside UserRegistration test</div></td></tr></table><p class="totop"><a href="#summary">back to summary</a></p>
</body>
</html>
