<?xml version="1.0" encoding="UTF-8"?>
<testng-results skipped="1" failed="1" ignored="0" total="6" passed="4">
  <reporter-output>
    <line>
      <![CDATA[<a href="C:\Users\valmiki\Desktop\Books.png" target="_blank">Screenshot</a>]]>
    </line>
    <line>
      <![CDATA[Inside UserRegistration test]]>
    </line>
    <line>
      <![CDATA[Inside doLogin test]]>
    </line>
    <line>
      <![CDATA[Inside isSkip test]]>
    </line>
    <line>
      <![CDATA[<a href="C:\Users\valmiki\Desktop\Books.png" target="_blank">Screenshot</a>]]>
    </line>
  </reporter-output>
  <suite name="Basic Test Suite" duration-ms="206" started-at="2022-11-29T23:16:52 IST" finished-at="2022-11-29T23:16:52 IST">
    <groups>
    </groups>
    <test name="Validate Title Test" duration-ms="110" started-at="2022-11-29T23:16:52 IST" finished-at="2022-11-29T23:16:52 IST">
      <class name="testngLearning.TestCase2">
        <test-method status="FAIL" signature="validateTitle()[pri:0, instance:testngLearning.TestCase2@4c762604]" name="validateTitle" duration-ms="26" started-at="2022-11-29T23:16:52 IST" finished-at="2022-11-29T23:16:52 IST">
          <exception class="java.lang.AssertionError">
            <message>
              <![CDATA[The following asserts failed:
expected [Gmail.com] but found [Google.com],
Button is not present did not expect to find [true] but found [false],
Condition not met hence failing the test]]>
            </message>
            <full-stacktrace>
              <![CDATA[java.lang.AssertionError: The following asserts failed:
expected [Gmail.com] but found [Google.com],
Button is not present did not expect to find [true] but found [false],
Condition not met hence failing the test
at org.testng.asserts.SoftAssert.assertAll(SoftAssert.java:47)
at org.testng.asserts.SoftAssert.assertAll(SoftAssert.java:31)
at testngLearning.TestCase2.validateTitle(TestCase2.java:26)
at sun.reflect.NativeMethodAccessorImpl.invoke0(Native Method)
at sun.reflect.NativeMethodAccessorImpl.invoke(NativeMethodAccessorImpl.java:62)
at sun.reflect.DelegatingMethodAccessorImpl.invoke(DelegatingMethodAccessorImpl.java:43)
at java.lang.reflect.Method.invoke(Method.java:498)
at org.testng.internal.MethodInvocationHelper.invokeMethod(MethodInvocationHelper.java:133)
at org.testng.internal.TestInvoker.invokeMethod(TestInvoker.java:584)
at org.testng.internal.TestInvoker.invokeTestMethod(TestInvoker.java:172)
at org.testng.internal.MethodRunner.runInSequence(MethodRunner.java:46)
at org.testng.internal.TestInvoker$MethodInvocationAgent.invoke(TestInvoker.java:804)
at org.testng.internal.TestInvoker.invokeTestMethods(TestInvoker.java:145)
at org.testng.internal.TestMethodWorker.invokeTestMethods(TestMethodWorker.java:146)
at org.testng.internal.TestMethodWorker.run(TestMethodWorker.java:128)
at java.util.ArrayList.forEach(ArrayList.java:1257)
at org.testng.TestRunner.privateRun(TestRunner.java:770)
at org.testng.TestRunner.run(TestRunner.java:591)
at org.testng.SuiteRunner.runTest(SuiteRunner.java:402)
at org.testng.SuiteRunner.runSequentially(SuiteRunner.java:396)
at org.testng.SuiteRunner.privateRun(SuiteRunner.java:355)
at org.testng.SuiteRunner.run(SuiteRunner.java:304)
at org.testng.SuiteRunnerWorker.runSuite(SuiteRunnerWorker.java:53)
at org.testng.SuiteRunnerWorker.run(SuiteRunnerWorker.java:96)
at org.testng.TestNG.runSuitesSequentially(TestNG.java:1180)
at org.testng.TestNG.runSuitesLocally(TestNG.java:1102)
at org.testng.TestNG.runSuites(TestNG.java:1032)
at org.testng.TestNG.run(TestNG.java:1000)
at org.testng.remote.AbstractRemoteTestNG.run(AbstractRemoteTestNG.java:115)
at org.testng.remote.RemoteTestNG.initAndRun(RemoteTestNG.java:251)
at org.testng.remote.RemoteTestNG.main(RemoteTestNG.java:77)
]]>
            </full-stacktrace>
          </exception> <!-- java.lang.AssertionError -->
          <reporter-output>
            <line>
              <![CDATA[<a href="C:\Users\valmiki\Desktop\Books.png" target="_blank">Screenshot</a>]]>
            </line>
          </reporter-output>
        </test-method> <!-- validateTitle -->
      </class> <!-- testngLearning.TestCase2 -->
    </test> <!-- Validate Title Test -->
    <test name="Dependency Test" duration-ms="18" started-at="2022-11-29T23:16:52 IST" finished-at="2022-11-29T23:16:52 IST">
      <class name="testngLearning.TestCase1">
        <test-method status="PASS" signature="createDBConnection()[pri:0, instance:testngLearning.TestCase1@aecb35a]" name="createDBConnection" is-config="true" duration-ms="1" started-at="2022-11-29T23:16:52 IST" finished-at="2022-11-29T23:16:52 IST">
          <reporter-output>
          </reporter-output>
        </test-method> <!-- createDBConnection -->
        <test-method status="PASS" signature="launchBrowser()[pri:0, instance:testngLearning.TestCase1@aecb35a]" name="launchBrowser" is-config="true" duration-ms="1" started-at="2022-11-29T23:16:52 IST" finished-at="2022-11-29T23:16:52 IST">
          <reporter-output>
          </reporter-output>
        </test-method> <!-- launchBrowser -->
        <test-method status="PASS" signature="doUserReg()[pri:0, instance:testngLearning.TestCase1@aecb35a]" name="doUserReg" duration-ms="3" started-at="2022-11-29T23:16:52 IST" finished-at="2022-11-29T23:16:52 IST">
          <reporter-output>
          </reporter-output>
        </test-method> <!-- doUserReg -->
        <test-method status="PASS" signature="closeBrowser()[pri:0, instance:testngLearning.TestCase1@aecb35a]" name="closeBrowser" is-config="true" duration-ms="1" started-at="2022-11-29T23:16:52 IST" finished-at="2022-11-29T23:16:52 IST">
          <reporter-output>
          </reporter-output>
        </test-method> <!-- closeBrowser -->
        <test-method status="PASS" signature="launchBrowser()[pri:0, instance:testngLearning.TestCase1@aecb35a]" name="launchBrowser" is-config="true" duration-ms="1" started-at="2022-11-29T23:16:52 IST" finished-at="2022-11-29T23:16:52 IST">
          <reporter-output>
          </reporter-output>
        </test-method> <!-- launchBrowser -->
        <test-method status="PASS" signature="doLogin()[pri:1, instance:testngLearning.TestCase1@aecb35a]" name="doLogin" duration-ms="2" started-at="2022-11-29T23:16:52 IST" finished-at="2022-11-29T23:16:52 IST">
          <reporter-output>
          </reporter-output>
        </test-method> <!-- doLogin -->
        <test-method status="PASS" signature="closeBrowser()[pri:0, instance:testngLearning.TestCase1@aecb35a]" name="closeBrowser" is-config="true" duration-ms="0" started-at="2022-11-29T23:16:52 IST" finished-at="2022-11-29T23:16:52 IST">
          <reporter-output>
          </reporter-output>
        </test-method> <!-- closeBrowser -->
        <test-method status="PASS" signature="closeDBConnection()[pri:0, instance:testngLearning.TestCase1@aecb35a]" name="closeDBConnection" is-config="true" duration-ms="0" started-at="2022-11-29T23:16:52 IST" finished-at="2022-11-29T23:16:52 IST">
          <reporter-output>
          </reporter-output>
        </test-method> <!-- closeDBConnection -->
      </class> <!-- testngLearning.TestCase1 -->
    </test> <!-- Dependency Test -->
    <test name="Basic Test" duration-ms="14" started-at="2022-11-29T23:16:52 IST" finished-at="2022-11-29T23:16:52 IST">
      <class name="testngLearning.TestCase3">
        <test-method status="PASS" signature="doRegistration()[pri:1, instance:testngLearning.TestCase3@6366ebe0]" name="doRegistration" duration-ms="2" started-at="2022-11-29T23:16:52 IST" finished-at="2022-11-29T23:16:52 IST">
          <reporter-output>
            <line>
              <![CDATA[Inside UserRegistration test]]>
            </line>
          </reporter-output>
        </test-method> <!-- doRegistration -->
        <test-method status="PASS" signature="doLogin()[pri:2, instance:testngLearning.TestCase3@6366ebe0]" name="doLogin" duration-ms="1" started-at="2022-11-29T23:16:52 IST" depends-on-methods="testngLearning.TestCase3.doRegistration" finished-at="2022-11-29T23:16:52 IST">
          <reporter-output>
            <line>
              <![CDATA[Inside doLogin test]]>
            </line>
          </reporter-output>
        </test-method> <!-- doLogin -->
        <test-method status="SKIP" signature="isSkip()[pri:3, instance:testngLearning.TestCase3@6366ebe0]" name="isSkip" duration-ms="1" started-at="2022-11-29T23:16:52 IST" finished-at="2022-11-29T23:16:52 IST">
          <exception class="org.testng.SkipException">
            <message>
              <![CDATA[Skipping the test as the data is not set]]>
            </message>
            <full-stacktrace>
              <![CDATA[org.testng.SkipException: Skipping the test as the data is not set
at testngLearning.TestCase3.isSkip(TestCase3.java:32)
at sun.reflect.NativeMethodAccessorImpl.invoke0(Native Method)
at sun.reflect.NativeMethodAccessorImpl.invoke(NativeMethodAccessorImpl.java:62)
at sun.reflect.DelegatingMethodAccessorImpl.invoke(DelegatingMethodAccessorImpl.java:43)
at java.lang.reflect.Method.invoke(Method.java:498)
at org.testng.internal.MethodInvocationHelper.invokeMethod(MethodInvocationHelper.java:133)
at org.testng.internal.TestInvoker.invokeMethod(TestInvoker.java:584)
at org.testng.internal.TestInvoker.invokeTestMethod(TestInvoker.java:172)
at org.testng.internal.MethodRunner.runInSequence(MethodRunner.java:46)
at org.testng.internal.TestInvoker$MethodInvocationAgent.invoke(TestInvoker.java:804)
at org.testng.internal.TestInvoker.invokeTestMethods(TestInvoker.java:145)
at org.testng.internal.TestMethodWorker.invokeTestMethods(TestMethodWorker.java:146)
at org.testng.internal.TestMethodWorker.run(TestMethodWorker.java:128)
at java.util.ArrayList.forEach(ArrayList.java:1257)
at org.testng.TestRunner.privateRun(TestRunner.java:770)
at org.testng.TestRunner.run(TestRunner.java:591)
at org.testng.SuiteRunner.runTest(SuiteRunner.java:402)
at org.testng.SuiteRunner.runSequentially(SuiteRunner.java:396)
at org.testng.SuiteRunner.privateRun(SuiteRunner.java:355)
at org.testng.SuiteRunner.run(SuiteRunner.java:304)
at org.testng.SuiteRunnerWorker.runSuite(SuiteRunnerWorker.java:53)
at org.testng.SuiteRunnerWorker.run(SuiteRunnerWorker.java:96)
at org.testng.TestNG.runSuitesSequentially(TestNG.java:1180)
at org.testng.TestNG.runSuitesLocally(TestNG.java:1102)
at org.testng.TestNG.runSuites(TestNG.java:1032)
at org.testng.TestNG.run(TestNG.java:1000)
at org.testng.remote.AbstractRemoteTestNG.run(AbstractRemoteTestNG.java:115)
at org.testng.remote.RemoteTestNG.initAndRun(RemoteTestNG.java:251)
at org.testng.remote.RemoteTestNG.main(RemoteTestNG.java:77)
]]>
            </full-stacktrace>
          </exception> <!-- org.testng.SkipException -->
          <reporter-output>
            <line>
              <![CDATA[Inside isSkip test]]>
            </line>
            <line>
              <![CDATA[<a href="C:\Users\valmiki\Desktop\Books.png" target="_blank">Screenshot</a>]]>
            </line>
          </reporter-output>
        </test-method> <!-- isSkip -->
      </class> <!-- testngLearning.TestCase3 -->
    </test> <!-- Basic Test -->
  </suite> <!-- Basic Test Suite -->
</testng-results>
